pedale
pedale
pedale
pedale
Message
Message
Message
Message
Message
Message
Message
Message
Message
Message
Message
Message
Message
Message
Message
Message
Message
Message
Message
Message
Message
Message
Message
Message
Message
Message
Message
2021-12-13 10:14:22.828266572 UTC : INSERT INTO INSCRITS VALUES (htag,2652875ee631c6fee36e7ebee192e8bdcdf54566f3c380e7bd3feb2adbc879e4,192.168.1.63:38576, ko, ko
2021-12-13 10:32:45.610680027 UTC : INSERT INTO INSCRITS VALUES (sully,2d89f06a2876a410dcdb90dbfb0338fed54a030a3265a054b01e35c72a7a7c71,192.168.1.63:38586, ko, ko
2021-12-13 10:38:06.193576290 UTC : Message
2021-12-13 10:43:07.294936794 UTC : INSERT INTO INSCRITS VALUES (hag,4b03e8ec2f184e0f157e5b8707a52e0cbd6a42c3d38bde524781a4c20f899da3,192.168.1.63:38596, ko, ko
2021-12-13 10:58:26.627796879 UTC : INSERT INTO INSCRITS VALUES (michel,ef4ad0e0f1cedba46faf7ad41511eb8a9ed6c43fe010018df9562a5d605de154,192.168.1.63:38602, ko, ko
